<?xml version="1.0" encoding="UTF-8"?>
<!-- Generated by org.testng.reporters.JUnitReportReporter -->
<testsuite skipped="0" hostname="LAPTOP-9NB8EHGH" name="testcases.TC004_DupliLead" tests="1" failures="0" timestamp="26 Aug 2018 17:35:37 GMT" time="24.708" errors="0">
  <testcase name="login" time="24.708" classname="testcases.TC004_DupliLead"/>
</testsuite> <!-- testcases.TC004_DupliLead -->
