<?xml version="1.0" encoding="UTF-8"?>
<!-- Generated by org.testng.reporters.JUnitReportReporter -->
<testsuite skipped="0" hostname="Harish-PC" name="week3.class1.Indeed" tests="1" failures="0" timestamp="30 Sep 2018 16:59:35 GMT" time="31.387" errors="0">
  <testcase name="indeed" time="31.387" classname="week3.class1.Indeed"/>
</testsuite> <!-- week3.class1.Indeed -->
