<?xml version="1.0" encoding="UTF-8"?>
<!-- Generated by org.testng.reporters.JUnitReportReporter -->
<testsuite skipped="0" hostname="LAPTOP-9NB8EHGH" name="week4.class1.Dependency2" tests="4" failures="0" timestamp="27 Aug 2018 17:44:17 GMT" time="0.023" errors="0">
  <testcase name="Test3" time="0.016" classname="week4.class1.Dependency2"/>
  <testcase name="Test1" time="0.002" classname="week4.class1.Dependency2"/>
  <testcase name="Test2" time="0.002" classname="week4.class1.Dependency2"/>
  <testcase name="Test4" time="0.003" classname="week4.class1.Dependency2"/>
</testsuite> <!-- week4.class1.Dependency2 -->
