<?xml version="1.0" encoding="UTF-8"?>
<!-- Generated by org.testng.reporters.JUnitReportReporter -->
<testsuite skipped="0" hostname="LAPTOP-9NB8EHGH" name="week4.class1.Dependency4" tests="4" failures="0" timestamp="27 Aug 2018 17:51:01 GMT" time="0.025" errors="0">
  <testcase name="Test3" time="0.000" classname="week4.class1.Dependency4"/>
  <testcase name="Test2" time="0.020" classname="week4.class1.Dependency4"/>
  <testcase name="Test1" time="0.003" classname="week4.class1.Dependency4"/>
  <testcase name="Test4" time="0.002" classname="week4.class1.Dependency4"/>
</testsuite> <!-- week4.class1.Dependency4 -->
