<?xml version="1.0" encoding="UTF-8"?>
<!-- Generated by org.testng.reporters.JUnitReportReporter -->
<testsuite skipped="0" hostname="LAPTOP-9NB8EHGH" name="week4.class1.Dependency1" tests="4" failures="0" timestamp="29 Aug 2018 03:48:55 GMT" time="0.036" errors="0">
  <testcase name="Test3" time="0.002" classname="week4.class1.Dependency1"/>
  <testcase name="Test2" time="0.024" classname="week4.class1.Dependency1"/>
  <testcase name="Test1" time="0.003" classname="week4.class1.Dependency1"/>
  <testcase name="Test4" time="0.007" classname="week4.class1.Dependency1"/>
</testsuite> <!-- week4.class1.Dependency1 -->
