<?xml version="1.0" encoding="UTF-8"?>
<!-- Generated by org.testng.reporters.JUnitReportReporter -->
<testsuite skipped="0" hostname="LAPTOP-9NB8EHGH" name="week4.class1.Dependency3" tests="4" failures="0" timestamp="27 Aug 2018 17:45:49 GMT" time="0.027" errors="0">
  <testcase name="Test2" time="0.026" classname="week4.class1.Dependency3"/>
  <testcase name="Test3" time="0.000" classname="week4.class1.Dependency3"/>
  <testcase name="Test1" time="0.000" classname="week4.class1.Dependency3"/>
  <testcase name="Test4" time="0.001" classname="week4.class1.Dependency3"/>
</testsuite> <!-- week4.class1.Dependency3 -->
