<?xml version="1.0" encoding="UTF-8"?>
<!-- Generated by org.testng.reporters.JUnitReportReporter -->
<testsuite skipped="0" hostname="LAPTOP-9NB8EHGH" name="week4.class3.TC008_CLead" tests="3" failures="0" timestamp="02 Sep 2018 13:30:16 GMT" time="122.641" errors="0">
  <testcase name="CreateLead" time="43.720" classname="week4.class3.TC008_CLead"/>
  <testcase name="CreateLead" time="51.574" classname="week4.class3.TC008_CLead"/>
  <testcase name="CreateLead" time="27.347" classname="week4.class3.TC008_CLead"/>
</testsuite> <!-- week4.class3.TC008_CLead -->
