<?xml version="1.0" encoding="UTF-8"?>
<!-- Generated by org.testng.reporters.JUnitReportReporter -->
<testsuite skipped="0" hostname="LAPTOP-9NB8EHGH" name="testcases.TC002_CreateLead" tests="1" failures="0" timestamp="27 Aug 2018 17:59:31 GMT" time="21.516" errors="0">
  <testcase name="login" time="21.516" classname="testcases.TC002_CreateLead"/>
</testsuite> <!-- testcases.TC002_CreateLead -->
