<?xml version="1.0" encoding="UTF-8"?>
<!-- Generated by org.testng.reporters.JUnitReportReporter -->
<testsuite skipped="0" hostname="LAPTOP-9NB8EHGH" name="week4.class2.Reedxl" tests="2" failures="0" timestamp="28 Aug 2018 17:49:54 GMT" time="23.466" errors="0">
  <testcase name="login" time="12.439" classname="week4.class2.Reedxl"/>
  <testcase name="login" time="11.027" classname="week4.class2.Reedxl"/>
</testsuite> <!-- week4.class2.Reedxl -->
